F:\DUANNGOAI\WebBanHang\WebBanHang\Api\Client\dist\out-tsc\e2e\src\app.po.js
F:\DUANNGOAI\WebBanHang\WebBanHang\Api\Client\dist\out-tsc\e2e\src\app.po.js.map
F:\DUANNGOAI\WebBanHang\WebBanHang\Api\Client\dist\out-tsc\e2e\src\app.e2e-spec.js
F:\DUANNGOAI\WebBanHang\WebBanHang\Api\Client\dist\out-tsc\e2e\src\app.e2e-spec.js.map
F:\DUANNGOAI\WebBanHang\WebBanHang\Api\Client\dist\out-tsc\src\app\app.component.js
F:\DUANNGOAI\WebBanHang\WebBanHang\Api\Client\dist\out-tsc\src\app\app.component.js.map
F:\DUANNGOAI\WebBanHang\WebBanHang\Api\Client\dist\out-tsc\src\app\layouts\admin-layout\admin-layout.component.js
F:\DUANNGOAI\WebBanHang\WebBanHang\Api\Client\dist\out-tsc\src\app\layouts\admin-layout\admin-layout.component.js.map
F:\DUANNGOAI\WebBanHang\WebBanHang\Api\Client\dist\out-tsc\src\app\layouts\auth-layout\auth-layout.component.js
F:\DUANNGOAI\WebBanHang\WebBanHang\Api\Client\dist\out-tsc\src\app\layouts\auth-layout\auth-layout.component.js.map
F:\DUANNGOAI\WebBanHang\WebBanHang\Api\Client\dist\out-tsc\src\app\variables\charts.js
F:\DUANNGOAI\WebBanHang\WebBanHang\Api\Client\dist\out-tsc\src\app\variables\charts.js.map
F:\DUANNGOAI\WebBanHang\WebBanHang\Api\Client\dist\out-tsc\src\app\pages\dashboard\dashboard.component.js
F:\DUANNGOAI\WebBanHang\WebBanHang\Api\Client\dist\out-tsc\src\app\pages\dashboard\dashboard.component.js.map
F:\DUANNGOAI\WebBanHang\WebBanHang\Api\Client\dist\out-tsc\src\app\pages\icons\icons.component.js
F:\DUANNGOAI\WebBanHang\WebBanHang\Api\Client\dist\out-tsc\src\app\pages\icons\icons.component.js.map
F:\DUANNGOAI\WebBanHang\WebBanHang\Api\Client\dist\out-tsc\src\app\pages\maps\maps.component.js
F:\DUANNGOAI\WebBanHang\WebBanHang\Api\Client\dist\out-tsc\src\app\pages\maps\maps.component.js.map
F:\DUANNGOAI\WebBanHang\WebBanHang\Api\Client\dist\out-tsc\src\app\pages\user-profile\user-profile.component.js
F:\DUANNGOAI\WebBanHang\WebBanHang\Api\Client\dist\out-tsc\src\app\pages\user-profile\user-profile.component.js.map
F:\DUANNGOAI\WebBanHang\WebBanHang\Api\Client\dist\out-tsc\src\app\pages\tables\tables.component.js
F:\DUANNGOAI\WebBanHang\WebBanHang\Api\Client\dist\out-tsc\src\app\pages\tables\tables.component.js.map
F:\DUANNGOAI\WebBanHang\WebBanHang\Api\Client\dist\out-tsc\src\app\layouts\admin-layout\admin-layout.routing.js
F:\DUANNGOAI\WebBanHang\WebBanHang\Api\Client\dist\out-tsc\src\app\layouts\admin-layout\admin-layout.routing.js.map
F:\DUANNGOAI\WebBanHang\WebBanHang\Api\Client\dist\out-tsc\src\app\layouts\admin-layout\admin-layout.module.js
F:\DUANNGOAI\WebBanHang\WebBanHang\Api\Client\dist\out-tsc\src\app\layouts\admin-layout\admin-layout.module.js.map
F:\DUANNGOAI\WebBanHang\WebBanHang\Api\Client\dist\out-tsc\src\app\pages\login\login.component.js
F:\DUANNGOAI\WebBanHang\WebBanHang\Api\Client\dist\out-tsc\src\app\pages\login\login.component.js.map
F:\DUANNGOAI\WebBanHang\WebBanHang\Api\Client\dist\out-tsc\src\app\pages\register\register.component.js
F:\DUANNGOAI\WebBanHang\WebBanHang\Api\Client\dist\out-tsc\src\app\pages\register\register.component.js.map
F:\DUANNGOAI\WebBanHang\WebBanHang\Api\Client\dist\out-tsc\src\app\layouts\auth-layout\auth-layout.routing.js
F:\DUANNGOAI\WebBanHang\WebBanHang\Api\Client\dist\out-tsc\src\app\layouts\auth-layout\auth-layout.routing.js.map
F:\DUANNGOAI\WebBanHang\WebBanHang\Api\Client\dist\out-tsc\src\app\layouts\auth-layout\auth-layout.module.js
F:\DUANNGOAI\WebBanHang\WebBanHang\Api\Client\dist\out-tsc\src\app\layouts\auth-layout\auth-layout.module.js.map
F:\DUANNGOAI\WebBanHang\WebBanHang\Api\Client\dist\out-tsc\src\app\app.routing.js
F:\DUANNGOAI\WebBanHang\WebBanHang\Api\Client\dist\out-tsc\src\app\app.routing.js.map
F:\DUANNGOAI\WebBanHang\WebBanHang\Api\Client\dist\out-tsc\src\app\components\sidebar\sidebar.component.js
F:\DUANNGOAI\WebBanHang\WebBanHang\Api\Client\dist\out-tsc\src\app\components\sidebar\sidebar.component.js.map
F:\DUANNGOAI\WebBanHang\WebBanHang\Api\Client\dist\out-tsc\src\app\components\navbar\navbar.component.js
F:\DUANNGOAI\WebBanHang\WebBanHang\Api\Client\dist\out-tsc\src\app\components\navbar\navbar.component.js.map
F:\DUANNGOAI\WebBanHang\WebBanHang\Api\Client\dist\out-tsc\src\app\components\footer\footer.component.js
F:\DUANNGOAI\WebBanHang\WebBanHang\Api\Client\dist\out-tsc\src\app\components\footer\footer.component.js.map
F:\DUANNGOAI\WebBanHang\WebBanHang\Api\Client\dist\out-tsc\src\app\components\components.module.js
F:\DUANNGOAI\WebBanHang\WebBanHang\Api\Client\dist\out-tsc\src\app\components\components.module.js.map
F:\DUANNGOAI\WebBanHang\WebBanHang\Api\Client\dist\out-tsc\src\app\app.module.js
F:\DUANNGOAI\WebBanHang\WebBanHang\Api\Client\dist\out-tsc\src\app\app.module.js.map
F:\DUANNGOAI\WebBanHang\WebBanHang\Api\Client\dist\out-tsc\src\environments\environment.js
F:\DUANNGOAI\WebBanHang\WebBanHang\Api\Client\dist\out-tsc\src\environments\environment.js.map
F:\DUANNGOAI\WebBanHang\WebBanHang\Api\Client\dist\out-tsc\src\main.js
F:\DUANNGOAI\WebBanHang\WebBanHang\Api\Client\dist\out-tsc\src\main.js.map
F:\DUANNGOAI\WebBanHang\WebBanHang\Api\Client\dist\out-tsc\src\polyfills.js
F:\DUANNGOAI\WebBanHang\WebBanHang\Api\Client\dist\out-tsc\src\polyfills.js.map
F:\DUANNGOAI\WebBanHang\WebBanHang\Api\Client\dist\out-tsc\src\test.js
F:\DUANNGOAI\WebBanHang\WebBanHang\Api\Client\dist\out-tsc\src\test.js.map
F:\DUANNGOAI\WebBanHang\WebBanHang\Api\Client\dist\out-tsc\src\app\app.component.spec.js
F:\DUANNGOAI\WebBanHang\WebBanHang\Api\Client\dist\out-tsc\src\app\app.component.spec.js.map
F:\DUANNGOAI\WebBanHang\WebBanHang\Api\Client\dist\out-tsc\src\app\components\components.module.spec.js
F:\DUANNGOAI\WebBanHang\WebBanHang\Api\Client\dist\out-tsc\src\app\components\components.module.spec.js.map
F:\DUANNGOAI\WebBanHang\WebBanHang\Api\Client\dist\out-tsc\src\app\components\footer\footer.component.spec.js
F:\DUANNGOAI\WebBanHang\WebBanHang\Api\Client\dist\out-tsc\src\app\components\footer\footer.component.spec.js.map
F:\DUANNGOAI\WebBanHang\WebBanHang\Api\Client\dist\out-tsc\src\app\components\navbar\navbar.component.spec.js
F:\DUANNGOAI\WebBanHang\WebBanHang\Api\Client\dist\out-tsc\src\app\components\navbar\navbar.component.spec.js.map
F:\DUANNGOAI\WebBanHang\WebBanHang\Api\Client\dist\out-tsc\src\app\components\sidebar\sidebar.component.spec.js
F:\DUANNGOAI\WebBanHang\WebBanHang\Api\Client\dist\out-tsc\src\app\components\sidebar\sidebar.component.spec.js.map
F:\DUANNGOAI\WebBanHang\WebBanHang\Api\Client\dist\out-tsc\src\app\layouts\admin-layout\admin-layout.component.spec.js
F:\DUANNGOAI\WebBanHang\WebBanHang\Api\Client\dist\out-tsc\src\app\layouts\admin-layout\admin-layout.component.spec.js.map
F:\DUANNGOAI\WebBanHang\WebBanHang\Api\Client\dist\out-tsc\src\app\layouts\auth-layout\auth-layout.component.spec.js
F:\DUANNGOAI\WebBanHang\WebBanHang\Api\Client\dist\out-tsc\src\app\layouts\auth-layout\auth-layout.component.spec.js.map
F:\DUANNGOAI\WebBanHang\WebBanHang\Api\Client\dist\out-tsc\src\app\pages\dashboard\dashboard.component.spec.js
F:\DUANNGOAI\WebBanHang\WebBanHang\Api\Client\dist\out-tsc\src\app\pages\dashboard\dashboard.component.spec.js.map
F:\DUANNGOAI\WebBanHang\WebBanHang\Api\Client\dist\out-tsc\src\app\pages\icons\icons.component.spec.js
F:\DUANNGOAI\WebBanHang\WebBanHang\Api\Client\dist\out-tsc\src\app\pages\icons\icons.component.spec.js.map
F:\DUANNGOAI\WebBanHang\WebBanHang\Api\Client\dist\out-tsc\src\app\pages\login\login.component.spec.js
F:\DUANNGOAI\WebBanHang\WebBanHang\Api\Client\dist\out-tsc\src\app\pages\login\login.component.spec.js.map
F:\DUANNGOAI\WebBanHang\WebBanHang\Api\Client\dist\out-tsc\src\app\pages\maps\maps.component.spec.js
F:\DUANNGOAI\WebBanHang\WebBanHang\Api\Client\dist\out-tsc\src\app\pages\maps\maps.component.spec.js.map
F:\DUANNGOAI\WebBanHang\WebBanHang\Api\Client\dist\out-tsc\src\app\pages\register\register.component.spec.js
F:\DUANNGOAI\WebBanHang\WebBanHang\Api\Client\dist\out-tsc\src\app\pages\register\register.component.spec.js.map
F:\DUANNGOAI\WebBanHang\WebBanHang\Api\Client\dist\out-tsc\src\app\pages\tables\tables.component.spec.js
F:\DUANNGOAI\WebBanHang\WebBanHang\Api\Client\dist\out-tsc\src\app\pages\tables\tables.component.spec.js.map
F:\DUANNGOAI\WebBanHang\WebBanHang\Api\Client\dist\out-tsc\src\app\pages\user-profile\user-profile.component.spec.js
F:\DUANNGOAI\WebBanHang\WebBanHang\Api\Client\dist\out-tsc\src\app\pages\user-profile\user-profile.component.spec.js.map
F:\DUANNGOAI\WebBanHang\WebBanHang\Api\Client\dist\out-tsc\src\environments\environment.prod.js
F:\DUANNGOAI\WebBanHang\WebBanHang\Api\Client\dist\out-tsc\src\environments\environment.prod.js.map
