D:\AThien\WebBanHang\Commerce\Client\commerce\dist\out-tsc\app\app-routing.module.js
D:\AThien\WebBanHang\Commerce\Client\commerce\dist\out-tsc\app\app-routing.module.js.map
D:\AThien\WebBanHang\Commerce\Client\commerce\dist\out-tsc\app\app.component.js
D:\AThien\WebBanHang\Commerce\Client\commerce\dist\out-tsc\app\app.component.js.map
D:\AThien\WebBanHang\Commerce\Client\commerce\dist\out-tsc\app\test\test.component.js
D:\AThien\WebBanHang\Commerce\Client\commerce\dist\out-tsc\app\test\test.component.js.map
D:\AThien\WebBanHang\Commerce\Client\commerce\dist\out-tsc\app\app.module.js
D:\AThien\WebBanHang\Commerce\Client\commerce\dist\out-tsc\app\app.module.js.map
D:\AThien\WebBanHang\Commerce\Client\commerce\dist\out-tsc\environments\environment.js
D:\AThien\WebBanHang\Commerce\Client\commerce\dist\out-tsc\environments\environment.js.map
D:\AThien\WebBanHang\Commerce\Client\commerce\dist\out-tsc\main.js
D:\AThien\WebBanHang\Commerce\Client\commerce\dist\out-tsc\main.js.map
D:\AThien\WebBanHang\Commerce\Client\commerce\dist\out-tsc\polyfills.js
D:\AThien\WebBanHang\Commerce\Client\commerce\dist\out-tsc\polyfills.js.map
D:\AThien\WebBanHang\Commerce\Client\commerce\dist\out-tsc\test.js
D:\AThien\WebBanHang\Commerce\Client\commerce\dist\out-tsc\test.js.map
D:\AThien\WebBanHang\Commerce\Client\commerce\dist\out-tsc\app\app.component.spec.js
D:\AThien\WebBanHang\Commerce\Client\commerce\dist\out-tsc\app\app.component.spec.js.map
D:\AThien\WebBanHang\Commerce\Client\commerce\dist\out-tsc\app\test\test.component.spec.js
D:\AThien\WebBanHang\Commerce\Client\commerce\dist\out-tsc\app\test\test.component.spec.js.map
D:\AThien\WebBanHang\Commerce\Client\commerce\dist\out-tsc\environments\environment.prod.js
D:\AThien\WebBanHang\Commerce\Client\commerce\dist\out-tsc\environments\environment.prod.js.map
